{"/home/gil/code/internal_management/frontend/src/App.tsx": {"path":"/home/gil/code/internal_management/frontend/src/App.tsx","all":false,"statementMap":{"1":{"start":{"line":2,"column":0},"end":{"line":2,"column":74}},"2":{"start":{"line":3,"column":0},"end":{"line":3,"column":69}},"3":{"start":{"line":4,"column":0},"end":{"line":4,"column":46}},"4":{"start":{"line":5,"column":0},"end":{"line":5,"column":54}},"6":{"start":{"line":7,"column":0},"end":{"line":7,"column":83}},"7":{"start":{"line":8,"column":0},"end":{"line":8,"column":56}},"9":{"start":{"line":10,"column":0},"end":{"line":10,"column":16}},"10":{"start":{"line":11,"column":0},"end":{"line":11,"column":12}},"11":{"start":{"line":12,"column":0},"end":{"line":12,"column":97}},"12":{"start":{"line":13,"column":0},"end":{"line":13,"column":107}},"13":{"start":{"line":14,"column":0},"end":{"line":14,"column":12}},"15":{"start":{"line":16,"column":0},"end":{"line":16,"column":3}},"17":{"start":{"line":18,"column":0},"end":{"line":18,"column":25}},"18":{"start":{"line":19,"column":0},"end":{"line":19,"column":44}},"19":{"start":{"line":20,"column":0},"end":{"line":20,"column":3}},"21":{"start":{"line":22,"column":0},"end":{"line":22,"column":25}},"22":{"start":{"line":23,"column":0},"end":{"line":23,"column":2}},"24":{"start":{"line":25,"column":0},"end":{"line":25,"column":43}},"25":{"start":{"line":26,"column":0},"end":{"line":26,"column":10}},"26":{"start":{"line":27,"column":0},"end":{"line":27,"column":12}},"27":{"start":{"line":28,"column":0},"end":{"line":28,"column":53}},"28":{"start":{"line":29,"column":0},"end":{"line":29,"column":12}},"29":{"start":{"line":30,"column":0},"end":{"line":30,"column":25}},"30":{"start":{"line":31,"column":0},"end":{"line":31,"column":17}},"31":{"start":{"line":32,"column":0},"end":{"line":32,"column":26}},"32":{"start":{"line":33,"column":0},"end":{"line":33,"column":29}},"33":{"start":{"line":34,"column":0},"end":{"line":34,"column":27}},"35":{"start":{"line":36,"column":0},"end":{"line":36,"column":8}},"36":{"start":{"line":37,"column":0},"end":{"line":37,"column":67}},"37":{"start":{"line":38,"column":0},"end":{"line":38,"column":13}},"39":{"start":{"line":40,"column":0},"end":{"line":40,"column":2}},"41":{"start":{"line":42,"column":0},"end":{"line":42,"column":36}},"42":{"start":{"line":43,"column":0},"end":{"line":43,"column":10}},"43":{"start":{"line":44,"column":0},"end":{"line":44,"column":18}},"44":{"start":{"line":45,"column":0},"end":{"line":45,"column":21}},"45":{"start":{"line":46,"column":0},"end":{"line":46,"column":22}},"46":{"start":{"line":47,"column":0},"end":{"line":47,"column":22}},"47":{"start":{"line":48,"column":0},"end":{"line":48,"column":19}},"49":{"start":{"line":50,"column":0},"end":{"line":50,"column":2}},"51":{"start":{"line":52,"column":0},"end":{"line":52,"column":19}}},"s":{"1":1,"2":1,"3":1,"4":1,"6":1,"7":1,"9":1,"10":0,"11":0,"12":0,"13":0,"15":0,"17":1,"18":0,"19":0,"21":1,"22":1,"24":1,"25":2,"26":2,"27":2,"28":2,"29":2,"30":2,"31":2,"32":2,"33":2,"35":2,"36":2,"37":2,"39":2,"41":1,"42":2,"43":2,"44":2,"45":2,"46":2,"47":2,"49":2,"51":1},"branchMap":{"0":{"type":"branch","line":7,"loc":{"start":{"line":7,"column":64},"end":{"line":23,"column":2}},"locations":[{"start":{"line":7,"column":64},"end":{"line":23,"column":2}}]},"1":{"type":"branch","line":10,"loc":{"start":{"line":10,"column":15},"end":{"line":16,"column":3}},"locations":[{"start":{"line":10,"column":15},"end":{"line":16,"column":3}}]},"2":{"type":"branch","line":18,"loc":{"start":{"line":18,"column":24},"end":{"line":20,"column":3}},"locations":[{"start":{"line":18,"column":24},"end":{"line":20,"column":3}}]},"3":{"type":"branch","line":25,"loc":{"start":{"line":25,"column":36},"end":{"line":40,"column":2}},"locations":[{"start":{"line":25,"column":36},"end":{"line":40,"column":2}}]},"4":{"type":"branch","line":42,"loc":{"start":{"line":42,"column":29},"end":{"line":50,"column":2}},"locations":[{"start":{"line":42,"column":29},"end":{"line":50,"column":2}}]}},"b":{"0":[1],"1":[0],"2":[0],"3":[2],"4":[2]},"fnMap":{"0":{"name":"ProtectedRoute","decl":{"start":{"line":7,"column":64},"end":{"line":23,"column":2}},"loc":{"start":{"line":7,"column":64},"end":{"line":23,"column":2}},"line":7},"1":{"name":"AppContent","decl":{"start":{"line":25,"column":36},"end":{"line":40,"column":2}},"loc":{"start":{"line":25,"column":36},"end":{"line":40,"column":2}},"line":25},"2":{"name":"App","decl":{"start":{"line":42,"column":29},"end":{"line":50,"column":2}},"loc":{"start":{"line":42,"column":29},"end":{"line":50,"column":2}},"line":42}},"f":{"0":1,"1":2,"2":2}}
,"/home/gil/code/internal_management/frontend/src/api/authApi.ts": {"path":"/home/gil/code/internal_management/frontend/src/api/authApi.ts","all":false,"statementMap":{"0":{"start":{"line":1,"column":0},"end":{"line":1,"column":26}},"3":{"start":{"line":4,"column":0},"end":{"line":4,"column":56}},"5":{"start":{"line":6,"column":0},"end":{"line":6,"column":33}},"6":{"start":{"line":7,"column":0},"end":{"line":7,"column":41}},"7":{"start":{"line":8,"column":0},"end":{"line":8,"column":98}},"8":{"start":{"line":9,"column":0},"end":{"line":9,"column":12}},"9":{"start":{"line":10,"column":0},"end":{"line":10,"column":39}},"10":{"start":{"line":11,"column":0},"end":{"line":11,"column":4}},"11":{"start":{"line":12,"column":0},"end":{"line":12,"column":3}},"13":{"start":{"line":14,"column":0},"end":{"line":14,"column":24}},"14":{"start":{"line":15,"column":0},"end":{"line":15,"column":71}},"15":{"start":{"line":16,"column":0},"end":{"line":16,"column":74}},"16":{"start":{"line":17,"column":0},"end":{"line":17,"column":25}},"17":{"start":{"line":18,"column":0},"end":{"line":18,"column":4}},"19":{"start":{"line":20,"column":0},"end":{"line":20,"column":48}},"20":{"start":{"line":21,"column":0},"end":{"line":21,"column":63}},"21":{"start":{"line":22,"column":0},"end":{"line":22,"column":25}},"22":{"start":{"line":23,"column":0},"end":{"line":23,"column":4}},"24":{"start":{"line":25,"column":0},"end":{"line":25,"column":49}},"25":{"start":{"line":26,"column":0},"end":{"line":26,"column":64}},"26":{"start":{"line":27,"column":0},"end":{"line":27,"column":25}},"27":{"start":{"line":28,"column":0},"end":{"line":28,"column":4}},"29":{"start":{"line":30,"column":0},"end":{"line":30,"column":37}},"30":{"start":{"line":31,"column":0},"end":{"line":31,"column":48}},"31":{"start":{"line":32,"column":0},"end":{"line":32,"column":25}},"32":{"start":{"line":33,"column":0},"end":{"line":33,"column":4}},"33":{"start":{"line":34,"column":0},"end":{"line":34,"column":2}}},"s":{"0":1,"3":1,"5":1,"6":1,"7":1,"8":1,"9":1,"10":1,"11":1,"13":1,"14":1,"15":1,"16":1,"17":1,"19":1,"20":1,"21":1,"22":1,"24":1,"25":1,"26":1,"27":1,"29":1,"30":1,"31":1,"32":1,"33":1},"branchMap":{"0":{"type":"branch","line":15,"loc":{"start":{"line":15,"column":9},"end":{"line":18,"column":4}},"locations":[{"start":{"line":15,"column":9},"end":{"line":18,"column":4}}]},"1":{"type":"branch","line":20,"loc":{"start":{"line":20,"column":11},"end":{"line":23,"column":4}},"locations":[{"start":{"line":20,"column":11},"end":{"line":23,"column":4}}]},"2":{"type":"branch","line":25,"loc":{"start":{"line":25,"column":10},"end":{"line":28,"column":4}},"locations":[{"start":{"line":25,"column":10},"end":{"line":28,"column":4}}]},"3":{"type":"branch","line":30,"loc":{"start":{"line":30,"column":9},"end":{"line":33,"column":4}},"locations":[{"start":{"line":30,"column":9},"end":{"line":33,"column":4}}]}},"b":{"0":[1],"1":[1],"2":[1],"3":[1]},"fnMap":{"0":{"name":"login","decl":{"start":{"line":15,"column":9},"end":{"line":18,"column":4}},"loc":{"start":{"line":15,"column":9},"end":{"line":18,"column":4}},"line":15},"1":{"name":"refresh","decl":{"start":{"line":20,"column":11},"end":{"line":23,"column":4}},"loc":{"start":{"line":20,"column":11},"end":{"line":23,"column":4}},"line":20},"2":{"name":"logout","decl":{"start":{"line":25,"column":10},"end":{"line":28,"column":4}},"loc":{"start":{"line":25,"column":10},"end":{"line":28,"column":4}},"line":25},"3":{"name":"getMe","decl":{"start":{"line":30,"column":9},"end":{"line":33,"column":4}},"loc":{"start":{"line":30,"column":9},"end":{"line":33,"column":4}},"line":30}},"f":{"0":1,"1":1,"2":1,"3":1}}
,"/home/gil/code/internal_management/frontend/src/api/dashboardApi.ts": {"path":"/home/gil/code/internal_management/frontend/src/api/dashboardApi.ts","all":true,"statementMap":{"0":{"start":{"line":1,"column":0},"end":{"line":1,"column":26}},"3":{"start":{"line":4,"column":0},"end":{"line":4,"column":56}},"5":{"start":{"line":6,"column":0},"end":{"line":6,"column":49}},"6":{"start":{"line":7,"column":0},"end":{"line":7,"column":46}},"7":{"start":{"line":8,"column":0},"end":{"line":8,"column":24}},"8":{"start":{"line":9,"column":0},"end":{"line":9,"column":12}},"9":{"start":{"line":10,"column":0},"end":{"line":10,"column":39}},"10":{"start":{"line":11,"column":0},"end":{"line":11,"column":4}},"11":{"start":{"line":12,"column":0},"end":{"line":12,"column":3}},"13":{"start":{"line":14,"column":0},"end":{"line":14,"column":29}},"14":{"start":{"line":15,"column":0},"end":{"line":15,"column":54}},"15":{"start":{"line":16,"column":0},"end":{"line":16,"column":81}},"16":{"start":{"line":17,"column":0},"end":{"line":17,"column":25}},"17":{"start":{"line":18,"column":0},"end":{"line":18,"column":4}},"18":{"start":{"line":19,"column":0},"end":{"line":19,"column":2}}},"s":{"0":0,"3":0,"5":0,"6":0,"7":0,"8":0,"9":0,"10":0,"11":0,"13":0,"14":0,"15":0,"16":0,"17":0,"18":0},"branchMap":{"0":{"type":"branch","line":1,"loc":{"start":{"line":1,"column":526},"end":{"line":19,"column":2}},"locations":[{"start":{"line":1,"column":526},"end":{"line":19,"column":2}}]}},"b":{"0":[0]},"fnMap":{"0":{"name":"(empty-report)","decl":{"start":{"line":1,"column":526},"end":{"line":19,"column":2}},"loc":{"start":{"line":1,"column":526},"end":{"line":19,"column":2}},"line":1}},"f":{"0":0}}
,"/home/gil/code/internal_management/frontend/src/components/AlertBanner.tsx": {"path":"/home/gil/code/internal_management/frontend/src/components/AlertBanner.tsx","all":false,"statementMap":{"1":{"start":{"line":2,"column":0},"end":{"line":2,"column":59}},"9":{"start":{"line":10,"column":0},"end":{"line":10,"column":57}},"10":{"start":{"line":11,"column":0},"end":{"line":11,"column":10}},"11":{"start":{"line":12,"column":0},"end":{"line":12,"column":22}},"12":{"start":{"line":13,"column":0},"end":{"line":13,"column":10}},"13":{"start":{"line":14,"column":0},"end":{"line":14,"column":7}},"14":{"start":{"line":15,"column":0},"end":{"line":15,"column":28}},"16":{"start":{"line":17,"column":0},"end":{"line":17,"column":10}},"17":{"start":{"line":18,"column":0},"end":{"line":18,"column":8}},"18":{"start":{"line":19,"column":0},"end":{"line":19,"column":18}},"19":{"start":{"line":20,"column":0},"end":{"line":20,"column":94}},"20":{"start":{"line":21,"column":0},"end":{"line":21,"column":19}},"21":{"start":{"line":22,"column":0},"end":{"line":22,"column":101}},"22":{"start":{"line":23,"column":0},"end":{"line":23,"column":83}},"23":{"start":{"line":24,"column":0},"end":{"line":24,"column":9}},"25":{"start":{"line":26,"column":0},"end":{"line":26,"column":39}},"26":{"start":{"line":27,"column":0},"end":{"line":27,"column":24}},"27":{"start":{"line":28,"column":0},"end":{"line":28,"column":74}},"29":{"start":{"line":30,"column":0},"end":{"line":30,"column":58}},"31":{"start":{"line":32,"column":0},"end":{"line":32,"column":12}},"32":{"start":{"line":33,"column":0},"end":{"line":33,"column":73}},"33":{"start":{"line":34,"column":0},"end":{"line":34,"column":19}},"34":{"start":{"line":35,"column":0},"end":{"line":35,"column":15}},"35":{"start":{"line":36,"column":0},"end":{"line":36,"column":27}},"36":{"start":{"line":37,"column":0},"end":{"line":37,"column":23}},"37":{"start":{"line":38,"column":0},"end":{"line":38,"column":36}},"38":{"start":{"line":39,"column":0},"end":{"line":39,"column":113}},"40":{"start":{"line":41,"column":0},"end":{"line":41,"column":35}},"41":{"start":{"line":42,"column":0},"end":{"line":42,"column":17}},"43":{"start":{"line":44,"column":0},"end":{"line":44,"column":10}},"45":{"start":{"line":46,"column":0},"end":{"line":46,"column":2}}},"s":{"1":1,"9":1,"10":11,"11":11,"12":11,"13":11,"14":11,"16":10,"17":10,"18":10,"19":10,"20":10,"21":5,"22":5,"23":11,"25":11,"26":11,"27":5,"29":5,"31":11,"32":11,"33":11,"34":9,"35":9,"36":9,"37":9,"38":9,"40":9,"41":9,"43":11,"45":11},"branchMap":{"0":{"type":"branch","line":10,"loc":{"start":{"line":10,"column":55},"end":{"line":46,"column":2}},"locations":[{"start":{"line":10,"column":55},"end":{"line":46,"column":2}}]},"1":{"type":"branch","line":15,"loc":{"start":{"line":15,"column":16},"end":{"line":15,"column":28}},"locations":[{"start":{"line":15,"column":16},"end":{"line":15,"column":28}}]},"2":{"type":"branch","line":15,"loc":{"start":{"line":15,"column":23},"end":{"line":21,"column":19}},"locations":[{"start":{"line":15,"column":23},"end":{"line":21,"column":19}}]},"3":{"type":"branch","line":21,"loc":{"start":{"line":21,"column":8},"end":{"line":22,"column":101}},"locations":[{"start":{"line":21,"column":8},"end":{"line":22,"column":101}}]},"4":{"type":"branch","line":22,"loc":{"start":{"line":22,"column":12},"end":{"line":23,"column":83}},"locations":[{"start":{"line":22,"column":12},"end":{"line":23,"column":83}}]},"5":{"type":"branch","line":27,"loc":{"start":{"line":27,"column":9},"end":{"line":28,"column":74}},"locations":[{"start":{"line":27,"column":9},"end":{"line":28,"column":74}}]},"6":{"type":"branch","line":28,"loc":{"start":{"line":28,"column":72},"end":{"line":30,"column":58}},"locations":[{"start":{"line":28,"column":72},"end":{"line":30,"column":58}}]},"7":{"type":"branch","line":34,"loc":{"start":{"line":34,"column":7},"end":{"line":42,"column":17}},"locations":[{"start":{"line":34,"column":7},"end":{"line":42,"column":17}}]}},"b":{"0":[11],"1":[1],"2":[10],"3":[5],"4":[5],"5":[5],"6":[5],"7":[9]},"fnMap":{"0":{"name":"AlertBanner","decl":{"start":{"line":10,"column":55},"end":{"line":46,"column":2}},"loc":{"start":{"line":10,"column":55},"end":{"line":46,"column":2}},"line":10}},"f":{"0":11}}
,"/home/gil/code/internal_management/frontend/src/components/AnimatedCounter.tsx": {"path":"/home/gil/code/internal_management/frontend/src/components/AnimatedCounter.tsx","all":false,"statementMap":{"0":{"start":{"line":1,"column":0},"end":{"line":1,"column":51}},"7":{"start":{"line":8,"column":0},"end":{"line":8,"column":96}},"8":{"start":{"line":9,"column":0},"end":{"line":9,"column":40}},"10":{"start":{"line":11,"column":0},"end":{"line":11,"column":19}},"11":{"start":{"line":12,"column":0},"end":{"line":12,"column":45}},"12":{"start":{"line":13,"column":0},"end":{"line":13,"column":25}},"13":{"start":{"line":14,"column":0},"end":{"line":14,"column":27}},"15":{"start":{"line":16,"column":0},"end":{"line":16,"column":41}},"16":{"start":{"line":17,"column":0},"end":{"line":17,"column":54}},"17":{"start":{"line":18,"column":0},"end":{"line":18,"column":76}},"18":{"start":{"line":19,"column":0},"end":{"line":19,"column":82}},"19":{"start":{"line":20,"column":0},"end":{"line":20,"column":24}},"21":{"start":{"line":22,"column":0},"end":{"line":22,"column":25}},"22":{"start":{"line":23,"column":0},"end":{"line":23,"column":43}},"23":{"start":{"line":24,"column":0},"end":{"line":24,"column":7}},"24":{"start":{"line":25,"column":0},"end":{"line":25,"column":6}},"26":{"start":{"line":27,"column":0},"end":{"line":27,"column":39}},"27":{"start":{"line":28,"column":0},"end":{"line":28,"column":24}},"29":{"start":{"line":30,"column":0},"end":{"line":30,"column":30}},"30":{"start":{"line":31,"column":0},"end":{"line":31,"column":2}}},"s":{"0":1,"7":1,"8":13,"10":13,"11":11,"12":11,"13":11,"15":11,"16":40,"17":40,"18":40,"19":40,"21":40,"22":40,"23":40,"24":40,"26":11,"27":13,"29":13,"30":13},"branchMap":{"0":{"type":"branch","line":8,"loc":{"start":{"line":8,"column":63},"end":{"line":31,"column":2}},"locations":[{"start":{"line":8,"column":63},"end":{"line":31,"column":2}}]},"1":{"type":"branch","line":11,"loc":{"start":{"line":11,"column":12},"end":{"line":28,"column":5}},"locations":[{"start":{"line":11,"column":12},"end":{"line":28,"column":5}}]},"2":{"type":"branch","line":16,"loc":{"start":{"line":16,"column":17},"end":{"line":25,"column":6}},"locations":[{"start":{"line":16,"column":17},"end":{"line":25,"column":6}}]},"3":{"type":"branch","line":17,"loc":{"start":{"line":17,"column":27},"end":{"line":17,"column":54}},"locations":[{"start":{"line":17,"column":27},"end":{"line":17,"column":54}}]}},"b":{"0":[13],"1":[11],"2":[40],"3":[11]},"fnMap":{"0":{"name":"AnimatedCounter","decl":{"start":{"line":8,"column":63},"end":{"line":31,"column":2}},"loc":{"start":{"line":8,"column":63},"end":{"line":31,"column":2}},"line":8},"1":{"name":"step","decl":{"start":{"line":16,"column":17},"end":{"line":25,"column":6}},"loc":{"start":{"line":16,"column":17},"end":{"line":25,"column":6}},"line":16}},"f":{"0":13,"1":40}}
,"/home/gil/code/internal_management/frontend/src/components/LoginForm.tsx": {"path":"/home/gil/code/internal_management/frontend/src/components/LoginForm.tsx","all":false,"statementMap":{"0":{"start":{"line":1,"column":0},"end":{"line":1,"column":40}},"1":{"start":{"line":2,"column":0},"end":{"line":2,"column":71}},"2":{"start":{"line":3,"column":0},"end":{"line":3,"column":43}},"3":{"start":{"line":4,"column":0},"end":{"line":4,"column":44}},"9":{"start":{"line":10,"column":0},"end":{"line":10,"column":71}},"10":{"start":{"line":11,"column":0},"end":{"line":11,"column":67}},"12":{"start":{"line":13,"column":0},"end":{"line":13,"column":41}},"13":{"start":{"line":14,"column":0},"end":{"line":14,"column":47}},"14":{"start":{"line":15,"column":0},"end":{"line":15,"column":58}},"15":{"start":{"line":16,"column":0},"end":{"line":16,"column":58}},"17":{"start":{"line":18,"column":0},"end":{"line":18,"column":92}},"19":{"start":{"line":20,"column":0},"end":{"line":20,"column":35}},"20":{"start":{"line":21,"column":0},"end":{"line":21,"column":61}},"22":{"start":{"line":23,"column":0},"end":{"line":23,"column":24}},"23":{"start":{"line":24,"column":0},"end":{"line":24,"column":44}},"24":{"start":{"line":25,"column":0},"end":{"line":25,"column":45}},"25":{"start":{"line":26,"column":0},"end":{"line":26,"column":69}},"26":{"start":{"line":27,"column":0},"end":{"line":27,"column":5}},"28":{"start":{"line":29,"column":0},"end":{"line":29,"column":20}},"29":{"start":{"line":30,"column":0},"end":{"line":30,"column":47}},"30":{"start":{"line":31,"column":0},"end":{"line":31,"column":5}},"32":{"start":{"line":33,"column":0},"end":{"line":33,"column":27}},"33":{"start":{"line":34,"column":0},"end":{"line":34,"column":44}},"34":{"start":{"line":35,"column":0},"end":{"line":35,"column":4}},"36":{"start":{"line":37,"column":0},"end":{"line":37,"column":54}},"37":{"start":{"line":38,"column":0},"end":{"line":38,"column":23}},"39":{"start":{"line":40,"column":0},"end":{"line":40,"column":28}},"41":{"start":{"line":42,"column":0},"end":{"line":42,"column":26}},"42":{"start":{"line":43,"column":0},"end":{"line":43,"column":9}},"43":{"start":{"line":44,"column":0},"end":{"line":44,"column":39}},"44":{"start":{"line":45,"column":0},"end":{"line":45,"column":22}},"45":{"start":{"line":46,"column":0},"end":{"line":46,"column":20}},"46":{"start":{"line":47,"column":0},"end":{"line":47,"column":7}},"47":{"start":{"line":48,"column":0},"end":{"line":48,"column":13}},"49":{"start":{"line":50,"column":0},"end":{"line":50,"column":15}},"50":{"start":{"line":51,"column":0},"end":{"line":51,"column":29}},"51":{"start":{"line":52,"column":0},"end":{"line":52,"column":5}},"52":{"start":{"line":53,"column":0},"end":{"line":53,"column":4}},"54":{"start":{"line":55,"column":0},"end":{"line":55,"column":10}},"55":{"start":{"line":56,"column":0},"end":{"line":56,"column":67}},"56":{"start":{"line":57,"column":0},"end":{"line":57,"column":17}},"57":{"start":{"line":58,"column":0},"end":{"line":58,"column":20}},"58":{"start":{"line":59,"column":0},"end":{"line":59,"column":25}},"59":{"start":{"line":60,"column":0},"end":{"line":60,"column":40}},"60":{"start":{"line":61,"column":0},"end":{"line":61,"column":30}},"61":{"start":{"line":62,"column":0},"end":{"line":62,"column":10}},"65":{"start":{"line":66,"column":0},"end":{"line":66,"column":33}},"66":{"start":{"line":67,"column":0},"end":{"line":67,"column":115}},"68":{"start":{"line":69,"column":0},"end":{"line":69,"column":16}},"69":{"start":{"line":70,"column":0},"end":{"line":70,"column":40}},"70":{"start":{"line":71,"column":0},"end":{"line":71,"column":162}},"71":{"start":{"line":72,"column":0},"end":{"line":72,"column":40}},"72":{"start":{"line":73,"column":0},"end":{"line":73,"column":16}},"73":{"start":{"line":74,"column":0},"end":{"line":74,"column":16}},"74":{"start":{"line":75,"column":0},"end":{"line":75,"column":22}},"75":{"start":{"line":76,"column":0},"end":{"line":76,"column":24}},"76":{"start":{"line":77,"column":0},"end":{"line":77,"column":25}},"77":{"start":{"line":78,"column":0},"end":{"line":78,"column":30}},"78":{"start":{"line":79,"column":0},"end":{"line":79,"column":39}},"79":{"start":{"line":80,"column":0},"end":{"line":80,"column":90}},"80":{"start":{"line":81,"column":0},"end":{"line":81,"column":14}},"81":{"start":{"line":82,"column":0},"end":{"line":82,"column":35}},"82":{"start":{"line":83,"column":0},"end":{"line":83,"column":45}},"83":{"start":{"line":84,"column":0},"end":{"line":84,"column":176}},"84":{"start":{"line":85,"column":0},"end":{"line":85,"column":31}},"85":{"start":{"line":86,"column":0},"end":{"line":86,"column":72}},"86":{"start":{"line":87,"column":0},"end":{"line":87,"column":94}},"87":{"start":{"line":88,"column":0},"end":{"line":88,"column":63}},"88":{"start":{"line":89,"column":0},"end":{"line":89,"column":12}},"89":{"start":{"line":90,"column":0},"end":{"line":90,"column":14}},"90":{"start":{"line":91,"column":0},"end":{"line":91,"column":31}},"91":{"start":{"line":92,"column":0},"end":{"line":92,"column":90}},"93":{"start":{"line":94,"column":0},"end":{"line":94,"column":12}},"96":{"start":{"line":97,"column":0},"end":{"line":97,"column":33}},"97":{"start":{"line":98,"column":0},"end":{"line":98,"column":59}},"98":{"start":{"line":99,"column":0},"end":{"line":99,"column":120}},"100":{"start":{"line":101,"column":0},"end":{"line":101,"column":18}},"101":{"start":{"line":102,"column":0},"end":{"line":102,"column":14}},"102":{"start":{"line":103,"column":0},"end":{"line":103,"column":40}},"103":{"start":{"line":104,"column":0},"end":{"line":104,"column":162}},"104":{"start":{"line":105,"column":0},"end":{"line":105,"column":40}},"105":{"start":{"line":106,"column":0},"end":{"line":106,"column":16}},"106":{"start":{"line":107,"column":0},"end":{"line":107,"column":16}},"107":{"start":{"line":108,"column":0},"end":{"line":108,"column":25}},"108":{"start":{"line":109,"column":0},"end":{"line":109,"column":53}},"109":{"start":{"line":110,"column":0},"end":{"line":110,"column":28}},"110":{"start":{"line":111,"column":0},"end":{"line":111,"column":30}},"111":{"start":{"line":112,"column":0},"end":{"line":112,"column":42}},"112":{"start":{"line":113,"column":0},"end":{"line":113,"column":96}},"113":{"start":{"line":114,"column":0},"end":{"line":114,"column":14}},"114":{"start":{"line":115,"column":0},"end":{"line":115,"column":35}},"115":{"start":{"line":116,"column":0},"end":{"line":116,"column":38}},"116":{"start":{"line":117,"column":0},"end":{"line":117,"column":177}},"117":{"start":{"line":118,"column":0},"end":{"line":118,"column":34}},"118":{"start":{"line":119,"column":0},"end":{"line":119,"column":72}},"119":{"start":{"line":120,"column":0},"end":{"line":120,"column":94}},"120":{"start":{"line":121,"column":0},"end":{"line":121,"column":63}},"121":{"start":{"line":122,"column":0},"end":{"line":122,"column":12}},"122":{"start":{"line":123,"column":0},"end":{"line":123,"column":17}},"123":{"start":{"line":124,"column":0},"end":{"line":124,"column":25}},"124":{"start":{"line":125,"column":0},"end":{"line":125,"column":58}},"125":{"start":{"line":126,"column":0},"end":{"line":126,"column":35}},"126":{"start":{"line":127,"column":0},"end":{"line":127,"column":72}},"127":{"start":{"line":128,"column":0},"end":{"line":128,"column":146}},"129":{"start":{"line":130,"column":0},"end":{"line":130,"column":89}},"130":{"start":{"line":131,"column":0},"end":{"line":131,"column":19}},"131":{"start":{"line":132,"column":0},"end":{"line":132,"column":14}},"132":{"start":{"line":133,"column":0},"end":{"line":133,"column":34}},"133":{"start":{"line":134,"column":0},"end":{"line":134,"column":93}},"135":{"start":{"line":136,"column":0},"end":{"line":136,"column":12}},"138":{"start":{"line":139,"column":0},"end":{"line":139,"column":13}},"139":{"start":{"line":140,"column":0},"end":{"line":140,"column":21}},"140":{"start":{"line":141,"column":0},"end":{"line":141,"column":31}},"141":{"start":{"line":142,"column":0},"end":{"line":142,"column":488}},"143":{"start":{"line":144,"column":0},"end":{"line":144,"column":25}},"144":{"start":{"line":145,"column":0},"end":{"line":145,"column":12}},"145":{"start":{"line":146,"column":0},"end":{"line":146,"column":56}},"146":{"start":{"line":147,"column":0},"end":{"line":147,"column":49}},"147":{"start":{"line":148,"column":0},"end":{"line":148,"column":13}},"149":{"start":{"line":150,"column":0},"end":{"line":150,"column":12}},"150":{"start":{"line":151,"column":0},"end":{"line":151,"column":41}},"151":{"start":{"line":152,"column":0},"end":{"line":152,"column":42}},"152":{"start":{"line":153,"column":0},"end":{"line":153,"column":13}},"154":{"start":{"line":155,"column":0},"end":{"line":155,"column":15}},"155":{"start":{"line":156,"column":0},"end":{"line":156,"column":11}},"157":{"start":{"line":158,"column":0},"end":{"line":158,"column":2}}},"s":{"0":1,"1":1,"2":1,"3":1,"9":1,"10":292,"12":292,"13":292,"14":292,"15":292,"17":292,"19":292,"20":11,"22":11,"23":2,"24":11,"25":1,"26":1,"28":11,"29":3,"30":3,"32":11,"33":11,"34":11,"36":292,"37":11,"39":11,"41":8,"42":8,"43":8,"44":2,"45":2,"46":2,"47":11,"49":11,"50":6,"51":6,"52":11,"54":292,"55":292,"56":292,"57":8,"58":8,"59":8,"60":8,"61":8,"65":292,"66":292,"68":292,"69":292,"70":292,"71":292,"72":292,"73":292,"74":292,"75":292,"76":292,"77":292,"78":165,"79":165,"80":165,"81":292,"82":292,"83":292,"84":292,"85":3,"86":289,"87":292,"88":292,"89":292,"90":292,"91":3,"93":292,"96":292,"97":292,"98":292,"100":292,"101":292,"102":292,"103":292,"104":292,"105":292,"106":292,"107":292,"108":292,"109":292,"110":292,"111":90,"112":90,"113":90,"114":292,"115":292,"116":292,"117":292,"118":16,"119":276,"120":292,"121":292,"122":292,"123":292,"124":292,"125":292,"126":292,"127":292,"129":292,"130":292,"131":292,"132":292,"133":16,"135":292,"138":292,"139":292,"140":292,"141":292,"143":292,"144":14,"145":14,"146":14,"147":14,"149":278,"150":278,"151":278,"152":278,"154":292,"155":292,"157":292},"branchMap":{"0":{"type":"branch","line":10,"loc":{"start":{"line":10,"column":51},"end":{"line":158,"column":2}},"locations":[{"start":{"line":10,"column":51},"end":{"line":158,"column":2}}]},"1":{"type":"branch","line":57,"loc":{"start":{"line":57,"column":7},"end":{"line":62,"column":10}},"locations":[{"start":{"line":57,"column":7},"end":{"line":62,"column":10}}]},"2":{"type":"branch","line":85,"loc":{"start":{"line":85,"column":26},"end":{"line":86,"column":72}},"locations":[{"start":{"line":85,"column":26},"end":{"line":86,"column":72}}]},"3":{"type":"branch","line":86,"loc":{"start":{"line":86,"column":18},"end":{"line":87,"column":94}},"locations":[{"start":{"line":86,"column":18},"end":{"line":87,"column":94}}]},"4":{"type":"branch","line":91,"loc":{"start":{"line":91,"column":21},"end":{"line":92,"column":90}},"locations":[{"start":{"line":91,"column":21},"end":{"line":92,"column":90}}]},"5":{"type":"branch","line":109,"loc":{"start":{"line":109,"column":18},"end":{"line":109,"column":42}},"locations":[{"start":{"line":109,"column":18},"end":{"line":109,"column":42}}]},"6":{"type":"branch","line":118,"loc":{"start":{"line":118,"column":26},"end":{"line":119,"column":72}},"locations":[{"start":{"line":118,"column":26},"end":{"line":119,"column":72}}]},"7":{"type":"branch","line":119,"loc":{"start":{"line":119,"column":18},"end":{"line":120,"column":94}},"locations":[{"start":{"line":119,"column":18},"end":{"line":120,"column":94}}]},"8":{"type":"branch","line":127,"loc":{"start":{"line":127,"column":24},"end":{"line":127,"column":57}},"locations":[{"start":{"line":127,"column":24},"end":{"line":127,"column":57}}]},"9":{"type":"branch","line":130,"loc":{"start":{"line":130,"column":13},"end":{"line":130,"column":61}},"locations":[{"start":{"line":130,"column":13},"end":{"line":130,"column":61}}]},"10":{"type":"branch","line":133,"loc":{"start":{"line":133,"column":21},"end":{"line":134,"column":93}},"locations":[{"start":{"line":133,"column":21},"end":{"line":134,"column":93}}]},"11":{"type":"branch","line":144,"loc":{"start":{"line":144,"column":9},"end":{"line":148,"column":13}},"locations":[{"start":{"line":144,"column":9},"end":{"line":148,"column":13}}]},"12":{"type":"branch","line":148,"loc":{"start":{"line":148,"column":10},"end":{"line":153,"column":13}},"locations":[{"start":{"line":148,"column":10},"end":{"line":153,"column":13}}]},"13":{"type":"branch","line":20,"loc":{"start":{"line":20,"column":19},"end":{"line":35,"column":4}},"locations":[{"start":{"line":20,"column":19},"end":{"line":35,"column":4}}]},"14":{"type":"branch","line":23,"loc":{"start":{"line":23,"column":23},"end":{"line":25,"column":15}},"locations":[{"start":{"line":23,"column":23},"end":{"line":25,"column":15}}]},"15":{"type":"branch","line":25,"loc":{"start":{"line":25,"column":4},"end":{"line":27,"column":5}},"locations":[{"start":{"line":25,"column":4},"end":{"line":27,"column":5}}]},"16":{"type":"branch","line":25,"loc":{"start":{"line":25,"column":44},"end":{"line":27,"column":5}},"locations":[{"start":{"line":25,"column":44},"end":{"line":27,"column":5}}]},"17":{"type":"branch","line":29,"loc":{"start":{"line":29,"column":19},"end":{"line":31,"column":5}},"locations":[{"start":{"line":29,"column":19},"end":{"line":31,"column":5}}]},"18":{"type":"branch","line":37,"loc":{"start":{"line":37,"column":23},"end":{"line":53,"column":4}},"locations":[{"start":{"line":37,"column":23},"end":{"line":53,"column":4}}]},"19":{"type":"branch","line":40,"loc":{"start":{"line":40,"column":21},"end":{"line":40,"column":28}},"locations":[{"start":{"line":40,"column":21},"end":{"line":40,"column":28}}]},"20":{"type":"branch","line":40,"loc":{"start":{"line":40,"column":21},"end":{"line":44,"column":39}},"locations":[{"start":{"line":40,"column":21},"end":{"line":44,"column":39}}]},"21":{"type":"branch","line":44,"loc":{"start":{"line":44,"column":37},"end":{"line":47,"column":7}},"locations":[{"start":{"line":44,"column":37},"end":{"line":47,"column":7}}]},"22":{"type":"branch","line":48,"loc":{"start":{"line":48,"column":4},"end":{"line":50,"column":6}},"locations":[{"start":{"line":48,"column":4},"end":{"line":50,"column":6}}]},"23":{"type":"branch","line":50,"loc":{"start":{"line":50,"column":4},"end":{"line":52,"column":5}},"locations":[{"start":{"line":50,"column":4},"end":{"line":52,"column":5}}]},"24":{"type":"branch","line":78,"loc":{"start":{"line":78,"column":22},"end":{"line":81,"column":14}},"locations":[{"start":{"line":78,"column":22},"end":{"line":81,"column":14}}]},"25":{"type":"branch","line":80,"loc":{"start":{"line":80,"column":37},"end":{"line":80,"column":90}},"locations":[{"start":{"line":80,"column":37},"end":{"line":80,"column":90}}]},"26":{"type":"branch","line":111,"loc":{"start":{"line":111,"column":22},"end":{"line":114,"column":14}},"locations":[{"start":{"line":111,"column":22},"end":{"line":114,"column":14}}]},"27":{"type":"branch","line":113,"loc":{"start":{"line":113,"column":40},"end":{"line":113,"column":96}},"locations":[{"start":{"line":113,"column":40},"end":{"line":113,"column":96}}]}},"b":{"0":[292],"1":[8],"2":[3],"3":[289],"4":[3],"5":[0],"6":[16],"7":[276],"8":[0],"9":[0],"10":[16],"11":[14],"12":[278],"13":[11],"14":[2],"15":[9],"16":[1],"17":[3],"18":[11],"19":[3],"20":[8],"21":[2],"22":[4],"23":[6],"24":[165],"25":[1],"26":[90],"27":[0]},"fnMap":{"0":{"name":"LoginForm","decl":{"start":{"line":10,"column":51},"end":{"line":158,"column":2}},"loc":{"start":{"line":10,"column":51},"end":{"line":158,"column":2}},"line":10},"1":{"name":"validate","decl":{"start":{"line":20,"column":19},"end":{"line":35,"column":4}},"loc":{"start":{"line":20,"column":19},"end":{"line":35,"column":4}},"line":20},"2":{"name":"handleSubmit","decl":{"start":{"line":37,"column":23},"end":{"line":53,"column":4}},"loc":{"start":{"line":37,"column":23},"end":{"line":53,"column":4}},"line":37},"3":{"name":"onChange","decl":{"start":{"line":78,"column":22},"end":{"line":81,"column":14}},"loc":{"start":{"line":78,"column":22},"end":{"line":81,"column":14}},"line":78},"4":{"name":"onChange","decl":{"start":{"line":111,"column":22},"end":{"line":114,"column":14}},"loc":{"start":{"line":111,"column":22},"end":{"line":114,"column":14}},"line":111},"5":{"name":"onClick","decl":{"start":{"line":125,"column":21},"end":{"line":125,"column":58}},"loc":{"start":{"line":125,"column":21},"end":{"line":125,"column":58}},"line":125}},"f":{"0":292,"1":11,"2":11,"3":165,"4":90,"5":0}}
,"/home/gil/code/internal_management/frontend/src/components/SideMenu.tsx": {"path":"/home/gil/code/internal_management/frontend/src/components/SideMenu.tsx","all":false,"statementMap":{"0":{"start":{"line":1,"column":0},"end":{"line":1,"column":40}},"1":{"start":{"line":2,"column":0},"end":{"line":2,"column":41}},"2":{"start":{"line":3,"column":0},"end":{"line":3,"column":43}},"3":{"start":{"line":4,"column":0},"end":{"line":4,"column":9}},"11":{"start":{"line":12,"column":0},"end":{"line":12,"column":47}},"13":{"start":{"line":14,"column":0},"end":{"line":14,"column":41}},"15":{"start":{"line":16,"column":0},"end":{"line":16,"column":46}},"16":{"start":{"line":17,"column":0},"end":{"line":17,"column":52}},"17":{"start":{"line":18,"column":0},"end":{"line":18,"column":37}},"18":{"start":{"line":19,"column":0},"end":{"line":19,"column":33}},"20":{"start":{"line":21,"column":0},"end":{"line":21,"column":27}},"21":{"start":{"line":22,"column":0},"end":{"line":22,"column":23}},"22":{"start":{"line":23,"column":0},"end":{"line":23,"column":22}},"23":{"start":{"line":24,"column":0},"end":{"line":24,"column":23}},"24":{"start":{"line":25,"column":0},"end":{"line":25,"column":26}},"25":{"start":{"line":26,"column":0},"end":{"line":26,"column":63}},"26":{"start":{"line":27,"column":0},"end":{"line":27,"column":4}},"28":{"start":{"line":29,"column":0},"end":{"line":29,"column":28}},"29":{"start":{"line":30,"column":0},"end":{"line":30,"column":17}},"30":{"start":{"line":31,"column":0},"end":{"line":31,"column":18}},"31":{"start":{"line":32,"column":0},"end":{"line":32,"column":12}},"32":{"start":{"line":33,"column":0},"end":{"line":33,"column":22}},"33":{"start":{"line":34,"column":0},"end":{"line":34,"column":5}},"34":{"start":{"line":35,"column":0},"end":{"line":35,"column":4}},"36":{"start":{"line":37,"column":0},"end":{"line":37,"column":36}},"37":{"start":{"line":38,"column":0},"end":{"line":38,"column":19}},"38":{"start":{"line":39,"column":0},"end":{"line":39,"column":42}},"39":{"start":{"line":40,"column":0},"end":{"line":40,"column":4}},"41":{"start":{"line":42,"column":0},"end":{"line":42,"column":45}},"43":{"start":{"line":44,"column":0},"end":{"line":44,"column":10}},"44":{"start":{"line":45,"column":0},"end":{"line":45,"column":6}},"46":{"start":{"line":47,"column":0},"end":{"line":47,"column":13}},"47":{"start":{"line":48,"column":0},"end":{"line":48,"column":28}},"48":{"start":{"line":49,"column":0},"end":{"line":49,"column":32}},"49":{"start":{"line":50,"column":0},"end":{"line":50,"column":37}},"50":{"start":{"line":51,"column":0},"end":{"line":51,"column":204}},"52":{"start":{"line":53,"column":0},"end":{"line":53,"column":117}},"53":{"start":{"line":54,"column":0},"end":{"line":54,"column":15}},"56":{"start":{"line":57,"column":0},"end":{"line":57,"column":45}},"57":{"start":{"line":58,"column":0},"end":{"line":58,"column":10}},"59":{"start":{"line":60,"column":0},"end":{"line":60,"column":14}},"60":{"start":{"line":61,"column":0},"end":{"line":61,"column":31}},"61":{"start":{"line":62,"column":0},"end":{"line":62,"column":81}},"62":{"start":{"line":63,"column":0},"end":{"line":63,"column":80}},"63":{"start":{"line":64,"column":0},"end":{"line":64,"column":15}},"64":{"start":{"line":65,"column":0},"end":{"line":65,"column":12}},"67":{"start":{"line":68,"column":0},"end":{"line":68,"column":16}},"68":{"start":{"line":69,"column":0},"end":{"line":69,"column":35}},"69":{"start":{"line":70,"column":0},"end":{"line":70,"column":176}},"70":{"start":{"line":71,"column":0},"end":{"line":71,"column":76}},"71":{"start":{"line":72,"column":0},"end":{"line":72,"column":15}},"73":{"start":{"line":74,"column":0},"end":{"line":74,"column":17}},"75":{"start":{"line":76,"column":0},"end":{"line":76,"column":99}},"76":{"start":{"line":77,"column":0},"end":{"line":77,"column":57}},"77":{"start":{"line":78,"column":0},"end":{"line":78,"column":105}},"78":{"start":{"line":79,"column":0},"end":{"line":79,"column":53}},"79":{"start":{"line":80,"column":0},"end":{"line":80,"column":24}},"80":{"start":{"line":81,"column":0},"end":{"line":81,"column":23}},"81":{"start":{"line":82,"column":0},"end":{"line":82,"column":98}},"82":{"start":{"line":83,"column":0},"end":{"line":83,"column":80}},"83":{"start":{"line":84,"column":0},"end":{"line":84,"column":24}},"84":{"start":{"line":85,"column":0},"end":{"line":85,"column":22}},"85":{"start":{"line":86,"column":0},"end":{"line":86,"column":23}},"86":{"start":{"line":87,"column":0},"end":{"line":87,"column":37}},"87":{"start":{"line":88,"column":0},"end":{"line":88,"column":115}},"89":{"start":{"line":90,"column":0},"end":{"line":90,"column":43}},"90":{"start":{"line":91,"column":0},"end":{"line":91,"column":25}},"91":{"start":{"line":92,"column":0},"end":{"line":92,"column":20}},"94":{"start":{"line":95,"column":0},"end":{"line":95,"column":118}},"95":{"start":{"line":96,"column":0},"end":{"line":96,"column":105}},"96":{"start":{"line":97,"column":0},"end":{"line":97,"column":50}},"97":{"start":{"line":98,"column":0},"end":{"line":98,"column":22}},"98":{"start":{"line":99,"column":0},"end":{"line":99,"column":49}},"99":{"start":{"line":100,"column":0},"end":{"line":100,"column":86}},"100":{"start":{"line":101,"column":0},"end":{"line":101,"column":99}},"101":{"start":{"line":102,"column":0},"end":{"line":102,"column":33}},"102":{"start":{"line":103,"column":0},"end":{"line":103,"column":22}},"103":{"start":{"line":104,"column":0},"end":{"line":104,"column":151}},"104":{"start":{"line":105,"column":0},"end":{"line":105,"column":69}},"105":{"start":{"line":106,"column":0},"end":{"line":106,"column":32}},"106":{"start":{"line":107,"column":0},"end":{"line":107,"column":24}},"107":{"start":{"line":108,"column":0},"end":{"line":108,"column":22}},"108":{"start":{"line":109,"column":0},"end":{"line":109,"column":20}},"111":{"start":{"line":112,"column":0},"end":{"line":112,"column":41}},"112":{"start":{"line":113,"column":0},"end":{"line":113,"column":31}},"113":{"start":{"line":114,"column":0},"end":{"line":114,"column":25}},"114":{"start":{"line":115,"column":0},"end":{"line":115,"column":36}},"115":{"start":{"line":116,"column":0},"end":{"line":116,"column":34}},"117":{"start":{"line":118,"column":0},"end":{"line":118,"column":71}},"118":{"start":{"line":119,"column":0},"end":{"line":119,"column":22}},"119":{"start":{"line":120,"column":0},"end":{"line":120,"column":54}},"120":{"start":{"line":121,"column":0},"end":{"line":121,"column":215}},"122":{"start":{"line":123,"column":0},"end":{"line":123,"column":110}},"123":{"start":{"line":124,"column":0},"end":{"line":124,"column":53}},"124":{"start":{"line":125,"column":0},"end":{"line":125,"column":27}},"126":{"start":{"line":127,"column":0},"end":{"line":127,"column":20}},"127":{"start":{"line":128,"column":0},"end":{"line":128,"column":18}},"130":{"start":{"line":131,"column":0},"end":{"line":131,"column":63}},"131":{"start":{"line":132,"column":0},"end":{"line":132,"column":21}},"132":{"start":{"line":133,"column":0},"end":{"line":133,"column":38}},"133":{"start":{"line":134,"column":0},"end":{"line":134,"column":266}},"135":{"start":{"line":136,"column":0},"end":{"line":136,"column":59}},"136":{"start":{"line":137,"column":0},"end":{"line":137,"column":44}},"137":{"start":{"line":138,"column":0},"end":{"line":138,"column":23}},"138":{"start":{"line":139,"column":0},"end":{"line":139,"column":18}},"139":{"start":{"line":140,"column":0},"end":{"line":140,"column":18}},"140":{"start":{"line":141,"column":0},"end":{"line":141,"column":12}},"141":{"start":{"line":142,"column":0},"end":{"line":142,"column":21}},"142":{"start":{"line":143,"column":0},"end":{"line":143,"column":8}},"143":{"start":{"line":144,"column":0},"end":{"line":144,"column":7}},"145":{"start":{"line":146,"column":0},"end":{"line":146,"column":2}}},"s":{"0":1,"1":1,"2":1,"3":1,"11":1,"13":1,"15":12,"16":12,"17":12,"18":12,"20":12,"21":0,"22":0,"23":0,"24":0,"25":0,"26":0,"28":12,"29":3,"30":0,"31":3,"32":3,"33":3,"34":3,"36":12,"37":1,"38":1,"39":1,"41":12,"43":12,"44":12,"46":12,"47":12,"48":12,"49":12,"50":12,"52":12,"53":12,"56":12,"57":4,"59":4,"60":4,"61":4,"62":4,"63":4,"64":4,"67":4,"68":4,"69":4,"70":4,"71":4,"73":4,"75":4,"76":4,"77":4,"78":4,"79":4,"80":4,"81":4,"82":4,"83":4,"84":4,"85":4,"86":4,"87":4,"89":4,"90":4,"91":4,"94":4,"95":4,"96":4,"97":4,"98":4,"99":4,"100":4,"101":4,"102":4,"103":4,"104":4,"105":4,"106":4,"107":4,"108":4,"111":4,"112":4,"113":2,"114":2,"115":0,"117":0,"118":0,"119":2,"120":2,"122":2,"123":2,"124":2,"126":4,"127":4,"130":4,"131":4,"132":4,"133":4,"135":4,"136":4,"137":4,"138":4,"139":4,"140":4,"141":4,"142":4,"143":12,"145":12},"branchMap":{"0":{"type":"branch","line":14,"loc":{"start":{"line":14,"column":34},"end":{"line":146,"column":2}},"locations":[{"start":{"line":14,"column":34},"end":{"line":146,"column":2}}]},"1":{"type":"branch","line":42,"loc":{"start":{"line":42,"column":20},"end":{"line":42,"column":35}},"locations":[{"start":{"line":42,"column":20},"end":{"line":42,"column":35}}]},"2":{"type":"branch","line":53,"loc":{"start":{"line":53,"column":9},"end":{"line":53,"column":32}},"locations":[{"start":{"line":53,"column":9},"end":{"line":53,"column":32}}]},"3":{"type":"branch","line":53,"loc":{"start":{"line":53,"column":20},"end":{"line":53,"column":74}},"locations":[{"start":{"line":53,"column":20},"end":{"line":53,"column":74}}]},"4":{"type":"branch","line":53,"loc":{"start":{"line":53,"column":69},"end":{"line":53,"column":117}},"locations":[{"start":{"line":53,"column":69},"end":{"line":53,"column":117}}]},"5":{"type":"branch","line":57,"loc":{"start":{"line":57,"column":8},"end":{"line":57,"column":32}},"locations":[{"start":{"line":57,"column":8},"end":{"line":57,"column":32}}]},"6":{"type":"branch","line":57,"loc":{"start":{"line":57,"column":18},"end":{"line":143,"column":8}},"locations":[{"start":{"line":57,"column":18},"end":{"line":143,"column":8}}]},"7":{"type":"branch","line":63,"loc":{"start":{"line":63,"column":14},"end":{"line":63,"column":55}},"locations":[{"start":{"line":63,"column":14},"end":{"line":63,"column":55}}]},"8":{"type":"branch","line":71,"loc":{"start":{"line":71,"column":14},"end":{"line":71,"column":53}},"locations":[{"start":{"line":71,"column":14},"end":{"line":71,"column":53}}]},"9":{"type":"branch","line":101,"loc":{"start":{"line":101,"column":86},"end":{"line":101,"column":99}},"locations":[{"start":{"line":101,"column":86},"end":{"line":101,"column":99}}]},"10":{"type":"branch","line":102,"loc":{"start":{"line":102,"column":21},"end":{"line":102,"column":33}},"locations":[{"start":{"line":102,"column":21},"end":{"line":102,"column":33}}]},"11":{"type":"branch","line":106,"loc":{"start":{"line":106,"column":21},"end":{"line":106,"column":32}},"locations":[{"start":{"line":106,"column":21},"end":{"line":106,"column":32}}]},"12":{"type":"branch","line":113,"loc":{"start":{"line":113,"column":17},"end":{"line":125,"column":27}},"locations":[{"start":{"line":113,"column":17},"end":{"line":125,"column":27}}]},"13":{"type":"branch","line":29,"loc":{"start":{"line":29,"column":21},"end":{"line":35,"column":4}},"locations":[{"start":{"line":29,"column":21},"end":{"line":35,"column":4}}]},"14":{"type":"branch","line":30,"loc":{"start":{"line":30,"column":16},"end":{"line":32,"column":11}},"locations":[{"start":{"line":30,"column":16},"end":{"line":32,"column":11}}]},"15":{"type":"branch","line":37,"loc":{"start":{"line":37,"column":23},"end":{"line":40,"column":4}},"locations":[{"start":{"line":37,"column":23},"end":{"line":40,"column":4}}]}},"b":{"0":[12],"1":[8],"2":[4],"3":[4],"4":[8],"5":[8],"6":[4],"7":[0],"8":[0],"9":[3],"10":[3],"11":[3],"12":[2],"13":[3],"14":[0],"15":[1]},"fnMap":{"0":{"name":"SideMenu","decl":{"start":{"line":14,"column":34},"end":{"line":146,"column":2}},"loc":{"start":{"line":14,"column":34},"end":{"line":146,"column":2}},"line":14},"1":{"name":"closeMenu","decl":{"start":{"line":21,"column":20},"end":{"line":27,"column":4}},"loc":{"start":{"line":21,"column":20},"end":{"line":27,"column":4}},"line":21},"2":{"name":"toggleMenu","decl":{"start":{"line":29,"column":21},"end":{"line":35,"column":4}},"loc":{"start":{"line":29,"column":21},"end":{"line":35,"column":4}},"line":29},"3":{"name":"handleLogout","decl":{"start":{"line":37,"column":23},"end":{"line":40,"column":4}},"loc":{"start":{"line":37,"column":23},"end":{"line":40,"column":4}},"line":37},"4":{"name":"onClick","decl":{"start":{"line":115,"column":29},"end":{"line":119,"column":22}},"loc":{"start":{"line":115,"column":29},"end":{"line":119,"column":22}},"line":115}},"f":{"0":12,"1":0,"2":3,"3":1,"4":0}}
,"/home/gil/code/internal_management/frontend/src/context/AuthContext.tsx": {"path":"/home/gil/code/internal_management/frontend/src/context/AuthContext.tsx","all":false,"statementMap":{"0":{"start":{"line":1,"column":0},"end":{"line":1,"column":89}},"2":{"start":{"line":3,"column":0},"end":{"line":3,"column":41}},"3":{"start":{"line":4,"column":0},"end":{"line":4,"column":26}},"16":{"start":{"line":17,"column":0},"end":{"line":17,"column":74}},"18":{"start":{"line":19,"column":0},"end":{"line":19,"column":82}},"19":{"start":{"line":20,"column":0},"end":{"line":20,"column":54}},"20":{"start":{"line":21,"column":0},"end":{"line":21,"column":56}},"21":{"start":{"line":22,"column":0},"end":{"line":22,"column":58}},"22":{"start":{"line":23,"column":0},"end":{"line":23,"column":75}},"24":{"start":{"line":25,"column":0},"end":{"line":25,"column":33}},"25":{"start":{"line":26,"column":0},"end":{"line":26,"column":9}},"26":{"start":{"line":27,"column":0},"end":{"line":27,"column":48}},"27":{"start":{"line":28,"column":0},"end":{"line":28,"column":27}},"28":{"start":{"line":29,"column":0},"end":{"line":29,"column":13}},"30":{"start":{"line":31,"column":0},"end":{"line":31,"column":11}},"31":{"start":{"line":32,"column":0},"end":{"line":32,"column":56}},"32":{"start":{"line":33,"column":0},"end":{"line":33,"column":38}},"33":{"start":{"line":34,"column":0},"end":{"line":34,"column":15}},"34":{"start":{"line":35,"column":0},"end":{"line":35,"column":22}},"35":{"start":{"line":36,"column":0},"end":{"line":36,"column":7}},"36":{"start":{"line":37,"column":0},"end":{"line":37,"column":15}},"37":{"start":{"line":38,"column":0},"end":{"line":38,"column":24}},"38":{"start":{"line":39,"column":0},"end":{"line":39,"column":5}},"39":{"start":{"line":40,"column":0},"end":{"line":40,"column":4}},"41":{"start":{"line":42,"column":0},"end":{"line":42,"column":19}},"42":{"start":{"line":43,"column":0},"end":{"line":43,"column":16}},"43":{"start":{"line":44,"column":0},"end":{"line":44,"column":9}},"45":{"start":{"line":46,"column":0},"end":{"line":46,"column":54}},"46":{"start":{"line":47,"column":0},"end":{"line":47,"column":9}},"47":{"start":{"line":48,"column":0},"end":{"line":48,"column":56}},"48":{"start":{"line":49,"column":0},"end":{"line":49,"column":21}},"49":{"start":{"line":50,"column":0},"end":{"line":50,"column":33}},"50":{"start":{"line":51,"column":0},"end":{"line":51,"column":29}},"51":{"start":{"line":52,"column":0},"end":{"line":52,"column":28}},"52":{"start":{"line":53,"column":0},"end":{"line":53,"column":36}},"53":{"start":{"line":54,"column":0},"end":{"line":54,"column":44}},"54":{"start":{"line":55,"column":0},"end":{"line":55,"column":79}},"56":{"start":{"line":57,"column":0},"end":{"line":57,"column":29}},"57":{"start":{"line":58,"column":0},"end":{"line":58,"column":36}},"58":{"start":{"line":59,"column":0},"end":{"line":59,"column":151}},"59":{"start":{"line":60,"column":0},"end":{"line":60,"column":36}},"60":{"start":{"line":61,"column":0},"end":{"line":61,"column":37}},"61":{"start":{"line":62,"column":0},"end":{"line":62,"column":74}},"62":{"start":{"line":63,"column":0},"end":{"line":63,"column":16}},"63":{"start":{"line":64,"column":0},"end":{"line":64,"column":37}},"64":{"start":{"line":65,"column":0},"end":{"line":65,"column":27}},"65":{"start":{"line":66,"column":0},"end":{"line":66,"column":9}},"66":{"start":{"line":67,"column":0},"end":{"line":67,"column":14}},"67":{"start":{"line":68,"column":0},"end":{"line":68,"column":35}},"68":{"start":{"line":69,"column":0},"end":{"line":69,"column":65}},"69":{"start":{"line":70,"column":0},"end":{"line":70,"column":7}},"70":{"start":{"line":71,"column":0},"end":{"line":71,"column":16}},"71":{"start":{"line":72,"column":0},"end":{"line":72,"column":5}},"72":{"start":{"line":73,"column":0},"end":{"line":73,"column":4}},"74":{"start":{"line":75,"column":0},"end":{"line":75,"column":30}},"75":{"start":{"line":76,"column":0},"end":{"line":76,"column":9}},"76":{"start":{"line":77,"column":0},"end":{"line":77,"column":29}},"77":{"start":{"line":78,"column":0},"end":{"line":78,"column":19}},"78":{"start":{"line":79,"column":0},"end":{"line":79,"column":44}},"79":{"start":{"line":80,"column":0},"end":{"line":80,"column":15}},"80":{"start":{"line":81,"column":0},"end":{"line":81,"column":20}},"81":{"start":{"line":82,"column":0},"end":{"line":82,"column":5}},"82":{"start":{"line":83,"column":0},"end":{"line":83,"column":4}},"84":{"start":{"line":85,"column":0},"end":{"line":85,"column":28}},"85":{"start":{"line":86,"column":0},"end":{"line":86,"column":19}},"86":{"start":{"line":87,"column":0},"end":{"line":87,"column":31}},"87":{"start":{"line":88,"column":0},"end":{"line":88,"column":4}},"89":{"start":{"line":90,"column":0},"end":{"line":90,"column":10}},"90":{"start":{"line":91,"column":0},"end":{"line":91,"column":25}},"91":{"start":{"line":92,"column":0},"end":{"line":92,"column":14}},"92":{"start":{"line":93,"column":0},"end":{"line":93,"column":13}},"93":{"start":{"line":94,"column":0},"end":{"line":94,"column":16}},"94":{"start":{"line":95,"column":0},"end":{"line":95,"column":14}},"95":{"start":{"line":96,"column":0},"end":{"line":96,"column":25}},"96":{"start":{"line":97,"column":0},"end":{"line":97,"column":14}},"97":{"start":{"line":98,"column":0},"end":{"line":98,"column":15}},"98":{"start":{"line":99,"column":0},"end":{"line":99,"column":19}},"99":{"start":{"line":100,"column":0},"end":{"line":100,"column":32}},"100":{"start":{"line":101,"column":0},"end":{"line":101,"column":8}},"102":{"start":{"line":103,"column":0},"end":{"line":103,"column":16}},"103":{"start":{"line":104,"column":0},"end":{"line":104,"column":27}},"105":{"start":{"line":106,"column":0},"end":{"line":106,"column":2}},"107":{"start":{"line":108,"column":0},"end":{"line":108,"column":54}},"108":{"start":{"line":109,"column":0},"end":{"line":109,"column":42}},"109":{"start":{"line":110,"column":0},"end":{"line":110,"column":17}},"110":{"start":{"line":111,"column":0},"end":{"line":111,"column":83}},"111":{"start":{"line":112,"column":0},"end":{"line":112,"column":3}},"112":{"start":{"line":113,"column":0},"end":{"line":113,"column":17}},"113":{"start":{"line":114,"column":0},"end":{"line":114,"column":2}}},"s":{"0":1,"2":1,"3":1,"16":1,"18":1,"19":51,"20":51,"21":51,"22":51,"24":51,"25":20,"26":20,"27":5,"28":19,"30":15,"31":15,"32":1,"33":14,"34":14,"35":14,"36":20,"37":20,"38":20,"39":20,"41":51,"42":20,"43":51,"45":51,"46":10,"47":10,"48":2,"49":2,"50":2,"51":10,"52":6,"53":5,"54":5,"56":5,"57":2,"58":2,"59":3,"60":2,"61":2,"62":2,"63":1,"64":1,"65":1,"66":5,"67":1,"68":1,"69":1,"70":6,"71":6,"72":10,"74":51,"75":2,"76":2,"77":1,"78":1,"79":2,"80":2,"81":2,"82":2,"84":51,"85":1,"86":1,"87":1,"89":51,"90":51,"91":51,"92":51,"93":51,"94":51,"95":51,"96":51,"97":51,"98":51,"99":51,"100":51,"102":51,"103":51,"105":51,"107":1,"108":365,"109":365,"110":4,"111":4,"112":360,"113":360},"branchMap":{"0":{"type":"branch","line":19,"loc":{"start":{"line":19,"column":63},"end":{"line":106,"column":2}},"locations":[{"start":{"line":19,"column":63},"end":{"line":106,"column":2}}]},"1":{"type":"branch","line":25,"loc":{"start":{"line":25,"column":20},"end":{"line":40,"column":4}},"locations":[{"start":{"line":25,"column":20},"end":{"line":40,"column":4}}]},"2":{"type":"branch","line":27,"loc":{"start":{"line":27,"column":46},"end":{"line":37,"column":6}},"locations":[{"start":{"line":27,"column":46},"end":{"line":37,"column":6}}]},"3":{"type":"branch","line":27,"loc":{"start":{"line":27,"column":46},"end":{"line":29,"column":12}},"locations":[{"start":{"line":27,"column":46},"end":{"line":29,"column":12}}]},"4":{"type":"branch","line":29,"loc":{"start":{"line":29,"column":4},"end":{"line":37,"column":6}},"locations":[{"start":{"line":29,"column":4},"end":{"line":37,"column":6}}]},"5":{"type":"branch","line":32,"loc":{"start":{"line":32,"column":54},"end":{"line":36,"column":7}},"locations":[{"start":{"line":32,"column":54},"end":{"line":36,"column":7}}]},"6":{"type":"branch","line":32,"loc":{"start":{"line":32,"column":54},"end":{"line":34,"column":14}},"locations":[{"start":{"line":32,"column":54},"end":{"line":34,"column":14}}]},"7":{"type":"branch","line":42,"loc":{"start":{"line":42,"column":12},"end":{"line":44,"column":5}},"locations":[{"start":{"line":42,"column":12},"end":{"line":44,"column":5}}]},"8":{"type":"branch","line":46,"loc":{"start":{"line":46,"column":16},"end":{"line":73,"column":4}},"locations":[{"start":{"line":46,"column":16},"end":{"line":73,"column":4}}]},"9":{"type":"branch","line":48,"loc":{"start":{"line":48,"column":54},"end":{"line":52,"column":13}},"locations":[{"start":{"line":48,"column":54},"end":{"line":52,"column":13}}]},"10":{"type":"branch","line":52,"loc":{"start":{"line":52,"column":4},"end":{"line":72,"column":5}},"locations":[{"start":{"line":52,"column":4},"end":{"line":72,"column":5}}]},"11":{"type":"branch","line":53,"loc":{"start":{"line":53,"column":35},"end":{"line":70,"column":7}},"locations":[{"start":{"line":53,"column":35},"end":{"line":70,"column":7}}]},"12":{"type":"branch","line":55,"loc":{"start":{"line":55,"column":43},"end":{"line":55,"column":79}},"locations":[{"start":{"line":55,"column":43},"end":{"line":55,"column":79}}]},"13":{"type":"branch","line":57,"loc":{"start":{"line":57,"column":28},"end":{"line":66,"column":9}},"locations":[{"start":{"line":57,"column":28},"end":{"line":66,"column":9}}]},"14":{"type":"branch","line":57,"loc":{"start":{"line":57,"column":28},"end":{"line":60,"column":19}},"locations":[{"start":{"line":57,"column":28},"end":{"line":60,"column":19}}]},"15":{"type":"branch","line":60,"loc":{"start":{"line":60,"column":35},"end":{"line":66,"column":9}},"locations":[{"start":{"line":60,"column":35},"end":{"line":66,"column":9}}]},"16":{"type":"branch","line":63,"loc":{"start":{"line":63,"column":8},"end":{"line":66,"column":9}},"locations":[{"start":{"line":63,"column":8},"end":{"line":66,"column":9}}]},"17":{"type":"branch","line":67,"loc":{"start":{"line":67,"column":6},"end":{"line":70,"column":7}},"locations":[{"start":{"line":67,"column":6},"end":{"line":70,"column":7}}]},"18":{"type":"branch","line":75,"loc":{"start":{"line":75,"column":17},"end":{"line":83,"column":4}},"locations":[{"start":{"line":75,"column":17},"end":{"line":83,"column":4}}]},"19":{"type":"branch","line":77,"loc":{"start":{"line":77,"column":27},"end":{"line":80,"column":6}},"locations":[{"start":{"line":77,"column":27},"end":{"line":80,"column":6}}]},"20":{"type":"branch","line":85,"loc":{"start":{"line":85,"column":21},"end":{"line":88,"column":4}},"locations":[{"start":{"line":85,"column":21},"end":{"line":88,"column":4}}]},"21":{"type":"branch","line":108,"loc":{"start":{"line":108,"column":30},"end":{"line":114,"column":2}},"locations":[{"start":{"line":108,"column":30},"end":{"line":114,"column":2}}]},"22":{"type":"branch","line":110,"loc":{"start":{"line":110,"column":16},"end":{"line":112,"column":3}},"locations":[{"start":{"line":110,"column":16},"end":{"line":112,"column":3}}]},"23":{"type":"branch","line":112,"loc":{"start":{"line":112,"column":2},"end":{"line":114,"column":2}},"locations":[{"start":{"line":112,"column":2},"end":{"line":114,"column":2}}]}},"b":{"0":[51],"1":[20],"2":[19],"3":[5],"4":[15],"5":[14],"6":[1],"7":[20],"8":[10],"9":[2],"10":[6],"11":[5],"12":[0],"13":[3],"14":[2],"15":[2],"16":[1],"17":[1],"18":[2],"19":[1],"20":[1],"21":[365],"22":[4],"23":[360]},"fnMap":{"0":{"name":"AuthProvider","decl":{"start":{"line":19,"column":63},"end":{"line":106,"column":2}},"loc":{"start":{"line":19,"column":63},"end":{"line":106,"column":2}},"line":19},"1":{"name":"checkAuth","decl":{"start":{"line":25,"column":20},"end":{"line":40,"column":4}},"loc":{"start":{"line":25,"column":20},"end":{"line":40,"column":4}},"line":25},"2":{"name":"login","decl":{"start":{"line":46,"column":16},"end":{"line":73,"column":4}},"loc":{"start":{"line":46,"column":16},"end":{"line":73,"column":4}},"line":46},"3":{"name":"logout","decl":{"start":{"line":75,"column":17},"end":{"line":83,"column":4}},"loc":{"start":{"line":75,"column":17},"end":{"line":83,"column":4}},"line":75},"4":{"name":"clearError","decl":{"start":{"line":85,"column":21},"end":{"line":88,"column":4}},"loc":{"start":{"line":85,"column":21},"end":{"line":88,"column":4}},"line":85},"5":{"name":"useAuthContext","decl":{"start":{"line":108,"column":30},"end":{"line":114,"column":2}},"loc":{"start":{"line":108,"column":30},"end":{"line":114,"column":2}},"line":108}},"f":{"0":51,"1":20,"2":10,"3":2,"4":1,"5":365}}
,"/home/gil/code/internal_management/frontend/src/hooks/useAuth.ts": {"path":"/home/gil/code/internal_management/frontend/src/hooks/useAuth.ts","all":false,"statementMap":{"0":{"start":{"line":1,"column":0},"end":{"line":1,"column":56}},"2":{"start":{"line":3,"column":0},"end":{"line":3,"column":30}},"3":{"start":{"line":4,"column":0},"end":{"line":4,"column":26}},"4":{"start":{"line":5,"column":0},"end":{"line":5,"column":2}}},"s":{"0":1,"2":1,"3":349,"4":349},"branchMap":{"0":{"type":"branch","line":3,"loc":{"start":{"line":3,"column":23},"end":{"line":5,"column":2}},"locations":[{"start":{"line":3,"column":23},"end":{"line":5,"column":2}}]}},"b":{"0":[349]},"fnMap":{"0":{"name":"useAuth","decl":{"start":{"line":3,"column":23},"end":{"line":5,"column":2}},"loc":{"start":{"line":3,"column":23},"end":{"line":5,"column":2}},"line":3}},"f":{"0":349}}
,"/home/gil/code/internal_management/frontend/src/pages/DashboardPage.tsx": {"path":"/home/gil/code/internal_management/frontend/src/pages/DashboardPage.tsx","all":false,"statementMap":{"0":{"start":{"line":1,"column":0},"end":{"line":1,"column":51}},"1":{"start":{"line":2,"column":0},"end":{"line":2,"column":43}},"2":{"start":{"line":3,"column":0},"end":{"line":3,"column":50}},"3":{"start":{"line":4,"column":0},"end":{"line":4,"column":51}},"5":{"start":{"line":6,"column":0},"end":{"line":6,"column":64}},"6":{"start":{"line":7,"column":0},"end":{"line":7,"column":93}},"7":{"start":{"line":8,"column":0},"end":{"line":8,"column":47}},"9":{"start":{"line":10,"column":0},"end":{"line":10,"column":46}},"10":{"start":{"line":11,"column":0},"end":{"line":11,"column":29}},"11":{"start":{"line":12,"column":0},"end":{"line":12,"column":33}},"13":{"start":{"line":14,"column":0},"end":{"line":14,"column":72}},"14":{"start":{"line":15,"column":0},"end":{"line":15,"column":56}},"15":{"start":{"line":16,"column":0},"end":{"line":16,"column":58}},"17":{"start":{"line":18,"column":0},"end":{"line":18,"column":19}},"18":{"start":{"line":19,"column":0},"end":{"line":19,"column":38}},"19":{"start":{"line":20,"column":0},"end":{"line":20,"column":11}},"20":{"start":{"line":21,"column":0},"end":{"line":21,"column":25}},"21":{"start":{"line":22,"column":0},"end":{"line":22,"column":53}},"22":{"start":{"line":23,"column":0},"end":{"line":23,"column":25}},"23":{"start":{"line":24,"column":0},"end":{"line":24,"column":23}},"24":{"start":{"line":25,"column":0},"end":{"line":25,"column":15}},"25":{"start":{"line":26,"column":0},"end":{"line":26,"column":57}},"26":{"start":{"line":27,"column":0},"end":{"line":27,"column":17}},"27":{"start":{"line":28,"column":0},"end":{"line":28,"column":26}},"28":{"start":{"line":29,"column":0},"end":{"line":29,"column":7}},"29":{"start":{"line":30,"column":0},"end":{"line":30,"column":6}},"31":{"start":{"line":32,"column":0},"end":{"line":32,"column":19}},"32":{"start":{"line":33,"column":0},"end":{"line":33,"column":9}},"34":{"start":{"line":35,"column":0},"end":{"line":35,"column":45}},"36":{"start":{"line":37,"column":0},"end":{"line":37,"column":10}},"37":{"start":{"line":38,"column":0},"end":{"line":38,"column":119}},"39":{"start":{"line":40,"column":0},"end":{"line":40,"column":106}},"40":{"start":{"line":41,"column":0},"end":{"line":41,"column":103}},"41":{"start":{"line":42,"column":0},"end":{"line":42,"column":51}},"42":{"start":{"line":43,"column":0},"end":{"line":43,"column":24}},"43":{"start":{"line":44,"column":0},"end":{"line":44,"column":53}},"44":{"start":{"line":45,"column":0},"end":{"line":45,"column":101}},"45":{"start":{"line":46,"column":0},"end":{"line":46,"column":49}},"46":{"start":{"line":47,"column":0},"end":{"line":47,"column":20}},"47":{"start":{"line":48,"column":0},"end":{"line":48,"column":19}},"48":{"start":{"line":49,"column":0},"end":{"line":49,"column":102}},"49":{"start":{"line":50,"column":0},"end":{"line":50,"column":79}},"50":{"start":{"line":51,"column":0},"end":{"line":51,"column":20}},"51":{"start":{"line":52,"column":0},"end":{"line":52,"column":18}},"52":{"start":{"line":53,"column":0},"end":{"line":53,"column":16}},"54":{"start":{"line":55,"column":0},"end":{"line":55,"column":51}},"55":{"start":{"line":56,"column":0},"end":{"line":56,"column":137}},"56":{"start":{"line":57,"column":0},"end":{"line":57,"column":118}},"57":{"start":{"line":58,"column":0},"end":{"line":58,"column":131}},"58":{"start":{"line":59,"column":0},"end":{"line":59,"column":28}},"59":{"start":{"line":60,"column":0},"end":{"line":60,"column":21}},"60":{"start":{"line":61,"column":0},"end":{"line":61,"column":18}},"61":{"start":{"line":62,"column":0},"end":{"line":62,"column":16}},"62":{"start":{"line":63,"column":0},"end":{"line":63,"column":14}},"63":{"start":{"line":64,"column":0},"end":{"line":64,"column":15}},"66":{"start":{"line":67,"column":0},"end":{"line":67,"column":82}},"68":{"start":{"line":69,"column":0},"end":{"line":69,"column":185}},"69":{"start":{"line":70,"column":0},"end":{"line":70,"column":65}},"70":{"start":{"line":71,"column":0},"end":{"line":71,"column":100}},"71":{"start":{"line":72,"column":0},"end":{"line":72,"column":44}},"72":{"start":{"line":73,"column":0},"end":{"line":73,"column":18}},"73":{"start":{"line":74,"column":0},"end":{"line":74,"column":17}},"74":{"start":{"line":75,"column":0},"end":{"line":75,"column":59}},"75":{"start":{"line":76,"column":0},"end":{"line":76,"column":113}},"76":{"start":{"line":77,"column":0},"end":{"line":77,"column":19}},"77":{"start":{"line":78,"column":0},"end":{"line":78,"column":68}},"78":{"start":{"line":79,"column":0},"end":{"line":79,"column":26}},"79":{"start":{"line":80,"column":0},"end":{"line":80,"column":97}},"80":{"start":{"line":81,"column":0},"end":{"line":81,"column":92}},"81":{"start":{"line":82,"column":0},"end":{"line":82,"column":18}},"82":{"start":{"line":83,"column":0},"end":{"line":83,"column":18}},"83":{"start":{"line":84,"column":0},"end":{"line":84,"column":16}},"84":{"start":{"line":85,"column":0},"end":{"line":85,"column":14}},"86":{"start":{"line":87,"column":0},"end":{"line":87,"column":19}},"87":{"start":{"line":88,"column":0},"end":{"line":88,"column":147}},"88":{"start":{"line":89,"column":0},"end":{"line":89,"column":49}},"89":{"start":{"line":90,"column":0},"end":{"line":90,"column":32}},"90":{"start":{"line":91,"column":0},"end":{"line":91,"column":16}},"94":{"start":{"line":95,"column":0},"end":{"line":95,"column":20}},"95":{"start":{"line":96,"column":0},"end":{"line":96,"column":80}},"96":{"start":{"line":97,"column":0},"end":{"line":97,"column":35}},"97":{"start":{"line":98,"column":0},"end":{"line":98,"column":115}},"98":{"start":{"line":99,"column":0},"end":{"line":99,"column":15}},"99":{"start":{"line":100,"column":0},"end":{"line":100,"column":16}},"101":{"start":{"line":102,"column":0},"end":{"line":102,"column":96}},"103":{"start":{"line":104,"column":0},"end":{"line":104,"column":175}},"104":{"start":{"line":105,"column":0},"end":{"line":105,"column":65}},"105":{"start":{"line":106,"column":0},"end":{"line":106,"column":96}},"107":{"start":{"line":108,"column":0},"end":{"line":108,"column":23}},"108":{"start":{"line":109,"column":0},"end":{"line":109,"column":151}},"109":{"start":{"line":110,"column":0},"end":{"line":110,"column":47}},"110":{"start":{"line":111,"column":0},"end":{"line":111,"column":22}},"111":{"start":{"line":112,"column":0},"end":{"line":112,"column":20}},"112":{"start":{"line":113,"column":0},"end":{"line":113,"column":36}},"113":{"start":{"line":114,"column":0},"end":{"line":114,"column":83}},"114":{"start":{"line":115,"column":0},"end":{"line":115,"column":75}},"115":{"start":{"line":116,"column":0},"end":{"line":116,"column":22}},"116":{"start":{"line":117,"column":0},"end":{"line":117,"column":63}},"117":{"start":{"line":118,"column":0},"end":{"line":118,"column":113}},"118":{"start":{"line":119,"column":0},"end":{"line":119,"column":20}},"119":{"start":{"line":120,"column":0},"end":{"line":120,"column":20}},"120":{"start":{"line":121,"column":0},"end":{"line":121,"column":18}},"123":{"start":{"line":124,"column":0},"end":{"line":124,"column":174}},"124":{"start":{"line":125,"column":0},"end":{"line":125,"column":65}},"125":{"start":{"line":126,"column":0},"end":{"line":126,"column":96}},"127":{"start":{"line":128,"column":0},"end":{"line":128,"column":23}},"128":{"start":{"line":129,"column":0},"end":{"line":129,"column":148}},"129":{"start":{"line":130,"column":0},"end":{"line":130,"column":50}},"130":{"start":{"line":131,"column":0},"end":{"line":131,"column":22}},"131":{"start":{"line":132,"column":0},"end":{"line":132,"column":20}},"132":{"start":{"line":133,"column":0},"end":{"line":133,"column":36}},"133":{"start":{"line":134,"column":0},"end":{"line":134,"column":83}},"134":{"start":{"line":135,"column":0},"end":{"line":135,"column":79}},"135":{"start":{"line":136,"column":0},"end":{"line":136,"column":22}},"136":{"start":{"line":137,"column":0},"end":{"line":137,"column":63}},"137":{"start":{"line":138,"column":0},"end":{"line":138,"column":97}},"138":{"start":{"line":139,"column":0},"end":{"line":139,"column":20}},"139":{"start":{"line":140,"column":0},"end":{"line":140,"column":20}},"140":{"start":{"line":141,"column":0},"end":{"line":141,"column":18}},"143":{"start":{"line":144,"column":0},"end":{"line":144,"column":108}},"144":{"start":{"line":145,"column":0},"end":{"line":145,"column":18}},"145":{"start":{"line":146,"column":0},"end":{"line":146,"column":57}},"146":{"start":{"line":147,"column":0},"end":{"line":147,"column":47}},"147":{"start":{"line":148,"column":0},"end":{"line":148,"column":190}},"149":{"start":{"line":150,"column":0},"end":{"line":150,"column":67}},"150":{"start":{"line":151,"column":0},"end":{"line":151,"column":98}},"152":{"start":{"line":153,"column":0},"end":{"line":153,"column":25}},"153":{"start":{"line":154,"column":0},"end":{"line":154,"column":159}},"154":{"start":{"line":155,"column":0},"end":{"line":155,"column":53}},"155":{"start":{"line":156,"column":0},"end":{"line":156,"column":24}},"156":{"start":{"line":157,"column":0},"end":{"line":157,"column":22}},"157":{"start":{"line":158,"column":0},"end":{"line":158,"column":38}},"158":{"start":{"line":159,"column":0},"end":{"line":159,"column":85}},"159":{"start":{"line":160,"column":0},"end":{"line":160,"column":72}},"160":{"start":{"line":161,"column":0},"end":{"line":161,"column":24}},"161":{"start":{"line":162,"column":0},"end":{"line":162,"column":74}},"162":{"start":{"line":163,"column":0},"end":{"line":163,"column":96}},"163":{"start":{"line":164,"column":0},"end":{"line":164,"column":145}},"164":{"start":{"line":165,"column":0},"end":{"line":165,"column":45}},"165":{"start":{"line":166,"column":0},"end":{"line":166,"column":60}},"166":{"start":{"line":167,"column":0},"end":{"line":167,"column":26}},"167":{"start":{"line":168,"column":0},"end":{"line":168,"column":24}},"168":{"start":{"line":169,"column":0},"end":{"line":169,"column":22}},"169":{"start":{"line":170,"column":0},"end":{"line":170,"column":20}},"171":{"start":{"line":172,"column":0},"end":{"line":172,"column":16}},"173":{"start":{"line":174,"column":0},"end":{"line":174,"column":13}},"174":{"start":{"line":175,"column":0},"end":{"line":175,"column":10}},"176":{"start":{"line":177,"column":0},"end":{"line":177,"column":2}}},"s":{"0":1,"1":1,"2":1,"3":1,"5":1,"6":1,"7":1,"9":1,"10":11,"11":11,"13":11,"14":11,"15":11,"17":11,"18":4,"19":4,"20":4,"21":4,"22":4,"23":4,"24":4,"25":0,"26":4,"27":4,"28":4,"29":4,"31":4,"32":11,"34":11,"36":11,"37":11,"39":11,"40":11,"41":11,"42":11,"43":11,"44":11,"45":11,"46":11,"47":11,"48":11,"49":11,"50":11,"51":11,"52":11,"54":11,"55":11,"56":11,"57":11,"58":11,"59":11,"60":11,"61":11,"62":11,"63":11,"66":11,"68":11,"69":11,"70":11,"71":11,"72":11,"73":11,"74":11,"75":11,"76":11,"77":11,"78":11,"79":5,"80":6,"81":11,"82":11,"83":11,"84":11,"86":11,"87":0,"88":0,"89":0,"90":0,"94":11,"95":4,"96":4,"97":12,"98":4,"99":4,"101":7,"103":7,"104":7,"105":7,"107":7,"108":7,"109":7,"110":7,"111":7,"112":7,"113":7,"114":7,"115":7,"116":7,"117":7,"118":7,"119":7,"120":7,"123":7,"124":7,"125":7,"127":7,"128":7,"129":7,"130":7,"131":7,"132":7,"133":7,"134":7,"135":7,"136":7,"137":7,"138":7,"139":7,"140":7,"143":7,"144":4,"145":4,"146":4,"147":4,"149":4,"150":4,"152":4,"153":4,"154":4,"155":4,"156":4,"157":4,"158":4,"159":4,"160":4,"161":4,"162":4,"163":4,"164":4,"165":4,"166":4,"167":4,"168":4,"169":4,"171":7,"173":11,"174":11,"176":11},"branchMap":{"0":{"type":"branch","line":10,"loc":{"start":{"line":10,"column":39},"end":{"line":177,"column":2}},"locations":[{"start":{"line":10,"column":39},"end":{"line":177,"column":2}}]},"1":{"type":"branch","line":35,"loc":{"start":{"line":35,"column":20},"end":{"line":35,"column":35}},"locations":[{"start":{"line":35,"column":20},"end":{"line":35,"column":35}}]},"2":{"type":"branch","line":57,"loc":{"start":{"line":57,"column":60},"end":{"line":57,"column":74}},"locations":[{"start":{"line":57,"column":60},"end":{"line":57,"column":74}}]},"3":{"type":"branch","line":57,"loc":{"start":{"line":57,"column":66},"end":{"line":57,"column":101}},"locations":[{"start":{"line":57,"column":66},"end":{"line":57,"column":101}}]},"4":{"type":"branch","line":57,"loc":{"start":{"line":57,"column":97},"end":{"line":57,"column":111}},"locations":[{"start":{"line":57,"column":97},"end":{"line":57,"column":111}}]},"5":{"type":"branch","line":59,"loc":{"start":{"line":59,"column":17},"end":{"line":59,"column":28}},"locations":[{"start":{"line":59,"column":17},"end":{"line":59,"column":28}}]},"6":{"type":"branch","line":76,"loc":{"start":{"line":76,"column":54},"end":{"line":76,"column":68}},"locations":[{"start":{"line":76,"column":54},"end":{"line":76,"column":68}}]},"7":{"type":"branch","line":76,"loc":{"start":{"line":76,"column":60},"end":{"line":76,"column":95}},"locations":[{"start":{"line":76,"column":60},"end":{"line":76,"column":95}}]},"8":{"type":"branch","line":76,"loc":{"start":{"line":76,"column":91},"end":{"line":76,"column":105}},"locations":[{"start":{"line":76,"column":91},"end":{"line":76,"column":105}}]},"9":{"type":"branch","line":79,"loc":{"start":{"line":79,"column":17},"end":{"line":80,"column":97}},"locations":[{"start":{"line":79,"column":17},"end":{"line":80,"column":97}}]},"10":{"type":"branch","line":80,"loc":{"start":{"line":80,"column":20},"end":{"line":81,"column":92}},"locations":[{"start":{"line":80,"column":20},"end":{"line":81,"column":92}}]},"11":{"type":"branch","line":87,"loc":{"start":{"line":87,"column":9},"end":{"line":91,"column":16}},"locations":[{"start":{"line":87,"column":9},"end":{"line":91,"column":16}}]},"12":{"type":"branch","line":95,"loc":{"start":{"line":95,"column":9},"end":{"line":100,"column":16}},"locations":[{"start":{"line":95,"column":9},"end":{"line":100,"column":16}}]},"13":{"type":"branch","line":100,"loc":{"start":{"line":100,"column":10},"end":{"line":172,"column":16}},"locations":[{"start":{"line":100,"column":10},"end":{"line":172,"column":16}}]},"14":{"type":"branch","line":115,"loc":{"start":{"line":115,"column":51},"end":{"line":115,"column":73}},"locations":[{"start":{"line":115,"column":51},"end":{"line":115,"column":73}}]},"15":{"type":"branch","line":118,"loc":{"start":{"line":118,"column":19},"end":{"line":118,"column":66}},"locations":[{"start":{"line":118,"column":19},"end":{"line":118,"column":66}}]},"16":{"type":"branch","line":118,"loc":{"start":{"line":118,"column":31},"end":{"line":118,"column":113}},"locations":[{"start":{"line":118,"column":31},"end":{"line":118,"column":113}}]},"17":{"type":"branch","line":135,"loc":{"start":{"line":135,"column":51},"end":{"line":135,"column":77}},"locations":[{"start":{"line":135,"column":51},"end":{"line":135,"column":77}}]},"18":{"type":"branch","line":138,"loc":{"start":{"line":138,"column":19},"end":{"line":138,"column":61}},"locations":[{"start":{"line":138,"column":19},"end":{"line":138,"column":61}}]},"19":{"type":"branch","line":138,"loc":{"start":{"line":138,"column":31},"end":{"line":138,"column":97}},"locations":[{"start":{"line":138,"column":31},"end":{"line":138,"column":97}}]},"20":{"type":"branch","line":144,"loc":{"start":{"line":144,"column":13},"end":{"line":144,"column":69}},"locations":[{"start":{"line":144,"column":13},"end":{"line":144,"column":69}}]},"21":{"type":"branch","line":144,"loc":{"start":{"line":144,"column":56},"end":{"line":144,"column":108}},"locations":[{"start":{"line":144,"column":56},"end":{"line":144,"column":108}}]},"22":{"type":"branch","line":144,"loc":{"start":{"line":144,"column":99},"end":{"line":170,"column":20}},"locations":[{"start":{"line":144,"column":99},"end":{"line":170,"column":20}}]},"23":{"type":"branch","line":18,"loc":{"start":{"line":18,"column":12},"end":{"line":33,"column":5}},"locations":[{"start":{"line":18,"column":12},"end":{"line":33,"column":5}}]},"24":{"type":"branch","line":19,"loc":{"start":{"line":19,"column":25},"end":{"line":30,"column":6}},"locations":[{"start":{"line":19,"column":25},"end":{"line":30,"column":6}}]},"25":{"type":"branch","line":25,"loc":{"start":{"line":25,"column":6},"end":{"line":27,"column":8}},"locations":[{"start":{"line":25,"column":6},"end":{"line":27,"column":8}}]},"26":{"type":"branch","line":97,"loc":{"start":{"line":97,"column":27},"end":{"line":98,"column":115}},"locations":[{"start":{"line":97,"column":27},"end":{"line":98,"column":115}}]}},"b":{"0":[11],"1":[7],"2":[7],"3":[7],"4":[4],"5":[7],"6":[7],"7":[7],"8":[4],"9":[5],"10":[6],"11":[0],"12":[4],"13":[7],"14":[3],"15":[4],"16":[3],"17":[3],"18":[4],"19":[3],"20":[4],"21":[4],"22":[4],"23":[4],"24":[4],"25":[0],"26":[12]},"fnMap":{"0":{"name":"DashboardPage","decl":{"start":{"line":10,"column":39},"end":{"line":177,"column":2}},"loc":{"start":{"line":10,"column":39},"end":{"line":177,"column":2}},"line":10},"1":{"name":"fetchMetrics","decl":{"start":{"line":19,"column":25},"end":{"line":30,"column":6}},"loc":{"start":{"line":19,"column":25},"end":{"line":30,"column":6}},"line":19},"2":{"name":"onClick","decl":{"start":{"line":146,"column":25},"end":{"line":146,"column":57}},"loc":{"start":{"line":146,"column":25},"end":{"line":146,"column":57}},"line":146}},"f":{"0":11,"1":4,"2":0}}
,"/home/gil/code/internal_management/frontend/src/pages/LoginPage.tsx": {"path":"/home/gil/code/internal_management/frontend/src/pages/LoginPage.tsx","all":false,"statementMap":{"0":{"start":{"line":1,"column":0},"end":{"line":1,"column":41}},"1":{"start":{"line":2,"column":0},"end":{"line":2,"column":47}},"2":{"start":{"line":3,"column":0},"end":{"line":3,"column":54}},"3":{"start":{"line":4,"column":0},"end":{"line":4,"column":52}},"4":{"start":{"line":5,"column":0},"end":{"line":5,"column":43}},"6":{"start":{"line":7,"column":0},"end":{"line":7,"column":42}},"7":{"start":{"line":8,"column":0},"end":{"line":8,"column":49}},"8":{"start":{"line":9,"column":0},"end":{"line":9,"column":33}},"10":{"start":{"line":11,"column":0},"end":{"line":11,"column":19}},"11":{"start":{"line":12,"column":0},"end":{"line":12,"column":38}},"12":{"start":{"line":13,"column":0},"end":{"line":13,"column":48}},"13":{"start":{"line":14,"column":0},"end":{"line":14,"column":5}},"14":{"start":{"line":15,"column":0},"end":{"line":15,"column":43}},"16":{"start":{"line":17,"column":0},"end":{"line":17,"column":16}},"17":{"start":{"line":18,"column":0},"end":{"line":18,"column":12}},"18":{"start":{"line":19,"column":0},"end":{"line":19,"column":97}},"19":{"start":{"line":20,"column":0},"end":{"line":20,"column":58}},"20":{"start":{"line":21,"column":0},"end":{"line":21,"column":111}},"21":{"start":{"line":22,"column":0},"end":{"line":22,"column":72}},"22":{"start":{"line":23,"column":0},"end":{"line":23,"column":14}},"23":{"start":{"line":24,"column":0},"end":{"line":24,"column":12}},"25":{"start":{"line":26,"column":0},"end":{"line":26,"column":3}},"27":{"start":{"line":28,"column":0},"end":{"line":28,"column":10}},"28":{"start":{"line":29,"column":0},"end":{"line":29,"column":125}},"30":{"start":{"line":31,"column":0},"end":{"line":31,"column":166}},"31":{"start":{"line":32,"column":0},"end":{"line":32,"column":138}},"33":{"start":{"line":34,"column":0},"end":{"line":34,"column":74}},"35":{"start":{"line":36,"column":0},"end":{"line":36,"column":42}},"36":{"start":{"line":37,"column":0},"end":{"line":37,"column":168}},"37":{"start":{"line":38,"column":0},"end":{"line":38,"column":45}},"38":{"start":{"line":39,"column":0},"end":{"line":39,"column":16}},"39":{"start":{"line":40,"column":0},"end":{"line":40,"column":87}},"41":{"start":{"line":42,"column":0},"end":{"line":42,"column":15}},"42":{"start":{"line":43,"column":0},"end":{"line":43,"column":106}},"43":{"start":{"line":44,"column":0},"end":{"line":44,"column":65}},"45":{"start":{"line":46,"column":0},"end":{"line":46,"column":14}},"46":{"start":{"line":47,"column":0},"end":{"line":47,"column":14}},"49":{"start":{"line":50,"column":0},"end":{"line":50,"column":150}},"50":{"start":{"line":51,"column":0},"end":{"line":51,"column":121}},"52":{"start":{"line":53,"column":0},"end":{"line":53,"column":83}},"53":{"start":{"line":54,"column":0},"end":{"line":54,"column":14}},"56":{"start":{"line":57,"column":0},"end":{"line":57,"column":67}},"57":{"start":{"line":58,"column":0},"end":{"line":58,"column":89}},"58":{"start":{"line":59,"column":0},"end":{"line":59,"column":12}},"59":{"start":{"line":60,"column":0},"end":{"line":60,"column":12}},"60":{"start":{"line":61,"column":0},"end":{"line":61,"column":10}},"62":{"start":{"line":63,"column":0},"end":{"line":63,"column":2}}},"s":{"0":1,"1":1,"2":1,"3":1,"4":1,"6":1,"7":34,"8":34,"10":34,"11":30,"12":3,"13":3,"14":34,"16":34,"17":14,"18":14,"19":14,"20":14,"21":14,"22":14,"23":14,"25":14,"27":20,"28":20,"30":20,"31":20,"33":20,"35":20,"36":20,"37":20,"38":20,"39":20,"41":20,"42":20,"43":20,"45":20,"46":20,"49":20,"50":20,"52":20,"53":20,"56":20,"57":20,"58":20,"59":20,"60":20,"62":20},"branchMap":{"0":{"type":"branch","line":7,"loc":{"start":{"line":7,"column":35},"end":{"line":63,"column":2}},"locations":[{"start":{"line":7,"column":35},"end":{"line":63,"column":2}}]},"1":{"type":"branch","line":17,"loc":{"start":{"line":17,"column":15},"end":{"line":63,"column":2}},"locations":[{"start":{"line":17,"column":15},"end":{"line":63,"column":2}}]},"2":{"type":"branch","line":17,"loc":{"start":{"line":17,"column":15},"end":{"line":26,"column":3}},"locations":[{"start":{"line":17,"column":15},"end":{"line":26,"column":3}}]},"3":{"type":"branch","line":26,"loc":{"start":{"line":26,"column":2},"end":{"line":63,"column":2}},"locations":[{"start":{"line":26,"column":2},"end":{"line":63,"column":2}}]},"4":{"type":"branch","line":11,"loc":{"start":{"line":11,"column":12},"end":{"line":15,"column":5}},"locations":[{"start":{"line":11,"column":12},"end":{"line":15,"column":5}}]},"5":{"type":"branch","line":12,"loc":{"start":{"line":12,"column":9},"end":{"line":12,"column":37}},"locations":[{"start":{"line":12,"column":9},"end":{"line":12,"column":37}}]},"6":{"type":"branch","line":12,"loc":{"start":{"line":12,"column":37},"end":{"line":14,"column":5}},"locations":[{"start":{"line":12,"column":37},"end":{"line":14,"column":5}}]},"7":{"type":"branch","line":53,"loc":{"start":{"line":53,"column":32},"end":{"line":53,"column":81}},"locations":[{"start":{"line":53,"column":32},"end":{"line":53,"column":81}}]}},"b":{"0":[34],"1":[32],"2":[14],"3":[20],"4":[30],"5":[16],"6":[3],"7":[2]},"fnMap":{"0":{"name":"LoginPage","decl":{"start":{"line":7,"column":35},"end":{"line":63,"column":2}},"loc":{"start":{"line":7,"column":35},"end":{"line":63,"column":2}},"line":7},"1":{"name":"onSuccess","decl":{"start":{"line":53,"column":32},"end":{"line":53,"column":81}},"loc":{"start":{"line":53,"column":32},"end":{"line":53,"column":81}},"line":53}},"f":{"0":34,"1":2}}
}
